android/app/build/intermediates/manifest_merge_blame_file/release/processReleaseMainManifest/manifest-merger-blame-release-report.txt
1<?xml version="1.0" encoding="utf-8"?>
2<manifest xmlns:android="http://schemas.android.com/apk/res/android"
3    package="app.stampaway.mobile"
4    android:versionCode="1"
5    android:versionName="1.0" >
6
7    <uses-sdk
8        android:minSdkVersion="24"
9        android:targetSdkVersion="36" />
10
11    <!-- Permissions -->
12
13    <uses-permission android:name="android.permission.INTERNET" />
13-->src/main/AndroidManifest.xml:40:5-67
13-->src/main/AndroidManifest.xml:40:22-64
14
15    <queries>
15-->[:capacitor-browser] AndroidManifest.xml:7:5-11:15
16        <intent>
16-->[:capacitor-browser] AndroidManifest.xml:8:9-10:18
17            <action android:name="android.support.customtabs.action.CustomTabsService" />
17-->[:capacitor-browser] AndroidManifest.xml:9:13-90
17-->[:capacitor-browser] AndroidManifest.xml:9:21-87
18        </intent>
19        <intent>
19-->[:capacitor-camera] AndroidManifest.xml:8:9-10:18
20            <action android:name="android.media.action.IMAGE_CAPTURE" />
20-->[:capacitor-camera] AndroidManifest.xml:9:13-73
20-->[:capacitor-camera] AndroidManifest.xml:9:21-70
21        </intent>
22        <intent>
22-->[:capacitor-camera] AndroidManifest.xml:11:9-13:18
23            <action android:name="android.intent.action.GET_CONTENT" />
23-->[:capacitor-camera] AndroidManifest.xml:12:13-72
23-->[:capacitor-camera] AndroidManifest.xml:12:21-69
24        </intent>
25        <intent>
25-->[:capacitor-camera] AndroidManifest.xml:14:9-16:18
26            <action android:name="android.intent.action.PICK" />
26-->[:capacitor-camera] AndroidManifest.xml:15:13-65
26-->[:capacitor-camera] AndroidManifest.xml:15:21-62
27        </intent>
28    </queries>
29
30    <uses-permission android:name="android.permission.VIBRATE" />
30-->[:capacitor-haptics] AndroidManifest.xml:7:5-66
30-->[:capacitor-haptics] AndroidManifest.xml:7:22-63
31    <uses-permission android:name="android.permission.ACCESS_NETWORK_STATE" />
31-->[:capacitor-network] AndroidManifest.xml:7:5-79
31-->[:capacitor-network] AndroidManifest.xml:7:22-76
32    <uses-permission android:name="android.permission.POST_NOTIFICATIONS" />
32-->[com.google.firebase:firebase-messaging:25.0.1] AndroidManifest.xml:23:5-77
32-->[com.google.firebase:firebase-messaging:25.0.1] AndroidManifest.xml:23:22-74
33    <uses-permission android:name="android.permission.WAKE_LOCK" /> <!-- Required by older versions of Google Play services to create IID tokens -->
33-->[com.google.firebase:firebase-messaging:25.0.1] AndroidManifest.xml:24:5-68
33-->[com.google.firebase:firebase-messaging:25.0.1] AndroidManifest.xml:24:22-65
34    <uses-permission android:name="com.google.android.c2dm.permission.RECEIVE" />
34-->[com.google.firebase:firebase-messaging:25.0.1] AndroidManifest.xml:26:5-82
34-->[com.google.firebase:firebase-messaging:25.0.1] AndroidManifest.xml:26:22-79
35    <uses-permission android:name="android.permission.RECEIVE_BOOT_COMPLETED" />
35-->[androidx.work:work-runtime:2.10.5] AndroidManifest.xml:25:5-81
35-->[androidx.work:work-runtime:2.10.5] AndroidManifest.xml:25:22-78
36    <uses-permission android:name="android.permission.FOREGROUND_SERVICE" />
36-->[androidx.work:work-runtime:2.10.5] AndroidManifest.xml:26:5-77
36-->[androidx.work:work-runtime:2.10.5] AndroidManifest.xml:26:22-74
37
38    <permission
38-->[androidx.core:core:1.17.0] AndroidManifest.xml:22:5-24:47
39        android:name="app.stampaway.mobile.DYNAMIC_RECEIVER_NOT_EXPORTED_PERMISSION"
39-->[androidx.core:core:1.17.0] AndroidManifest.xml:23:9-81
40        android:protectionLevel="signature" />
40-->[androidx.core:core:1.17.0] AndroidManifest.xml:24:9-44
41
42    <uses-permission android:name="app.stampaway.mobile.DYNAMIC_RECEIVER_NOT_EXPORTED_PERMISSION" />
42-->[androidx.core:core:1.17.0] AndroidManifest.xml:26:5-97
42-->[androidx.core:core:1.17.0] AndroidManifest.xml:26:22-94
43
44    <application
44-->src/main/AndroidManifest.xml:4:5-36:19
45        android:allowBackup="true"
45-->src/main/AndroidManifest.xml:5:9-35
46        android:appComponentFactory="androidx.core.app.CoreComponentFactory"
46-->[androidx.core:core:1.17.0] AndroidManifest.xml:28:18-86
47        android:extractNativeLibs="false"
48        android:icon="@mipmap/ic_launcher"
48-->src/main/AndroidManifest.xml:6:9-43
49        android:label="@string/app_name"
49-->src/main/AndroidManifest.xml:7:9-41
50        android:requestLegacyExternalStorage="true"
50-->[io.ionic.libs:ioncamera-android:1.0.1] AndroidManifest.xml:8:18-61
51        android:roundIcon="@mipmap/ic_launcher_round"
51-->src/main/AndroidManifest.xml:8:9-54
52        android:supportsRtl="true"
52-->src/main/AndroidManifest.xml:9:9-35
53        android:theme="@style/AppTheme" >
53-->src/main/AndroidManifest.xml:10:9-40
54        <activity
54-->src/main/AndroidManifest.xml:12:9-25:20
55            android:name="app.stampaway.mobile.MainActivity"
55-->src/main/AndroidManifest.xml:14:13-41
56            android:configChanges="orientation|keyboardHidden|keyboard|screenSize|locale|smallestScreenSize|screenLayout|uiMode|navigation|density"
56-->src/main/AndroidManifest.xml:13:13-148
57            android:exported="true"
57-->src/main/AndroidManifest.xml:18:13-36
58            android:label="@string/title_activity_main"
58-->src/main/AndroidManifest.xml:15:13-56
59            android:launchMode="singleTask"
59-->src/main/AndroidManifest.xml:17:13-44
60            android:theme="@style/AppTheme.NoActionBarLaunch" >
60-->src/main/AndroidManifest.xml:16:13-62
61            <intent-filter>
61-->src/main/AndroidManifest.xml:20:13-23:29
62                <action android:name="android.intent.action.MAIN" />
62-->src/main/AndroidManifest.xml:21:17-69
62-->src/main/AndroidManifest.xml:21:25-66
63
64                <category android:name="android.intent.category.LAUNCHER" />
64-->src/main/AndroidManifest.xml:22:17-77
64-->src/main/AndroidManifest.xml:22:27-74
65            </intent-filter>
66        </activity>
67
68        <provider
69            android:name="androidx.core.content.FileProvider"
69-->src/main/AndroidManifest.xml:28:13-62
70            android:authorities="app.stampaway.mobile.fileprovider"
70-->src/main/AndroidManifest.xml:29:13-64
71            android:exported="false"
71-->src/main/AndroidManifest.xml:30:13-37
72            android:grantUriPermissions="true" >
72-->src/main/AndroidManifest.xml:31:13-47
73            <meta-data
73-->src/main/AndroidManifest.xml:32:13-34:64
74                android:name="android.support.FILE_PROVIDER_PATHS"
74-->src/main/AndroidManifest.xml:33:17-67
75                android:resource="@xml/file_paths" />
75-->src/main/AndroidManifest.xml:34:17-51
76        </provider>
77
78        <activity
78-->[:capacitor-browser] AndroidManifest.xml:14:9-18:75
79            android:name="com.capacitorjs.plugins.browser.BrowserControllerActivity"
79-->[:capacitor-browser] AndroidManifest.xml:15:13-85
80            android:exported="false"
80-->[:capacitor-browser] AndroidManifest.xml:16:13-37
81            android:launchMode="singleTask"
81-->[:capacitor-browser] AndroidManifest.xml:17:13-44
82            android:theme="@android:style/Theme.Translucent.NoTitleBar" />
82-->[:capacitor-browser] AndroidManifest.xml:18:13-72
83
84        <service
84-->[:capacitor-push-notifications] AndroidManifest.xml:8:9-14:19
85            android:name="com.capacitorjs.plugins.pushnotifications.MessagingService"
85-->[:capacitor-push-notifications] AndroidManifest.xml:9:13-86
86            android:exported="false" >
86-->[:capacitor-push-notifications] AndroidManifest.xml:10:13-37
87            <intent-filter>
87-->[:capacitor-push-notifications] AndroidManifest.xml:11:13-13:29
88                <action android:name="com.google.firebase.MESSAGING_EVENT" />
88-->[:capacitor-push-notifications] AndroidManifest.xml:12:17-78
88-->[:capacitor-push-notifications] AndroidManifest.xml:12:25-75
89            </intent-filter>
90        </service>
91
92        <activity
92-->[io.ionic.libs:ioncamera-android:1.0.1] AndroidManifest.xml:9:9-11:86
93            android:name="io.ionic.libs.ioncameralib.view.IONCAMRLoadingActivity"
93-->[io.ionic.libs:ioncamera-android:1.0.1] AndroidManifest.xml:10:13-82
94            android:theme="@android:style/Theme.Translucent.NoTitleBar.Fullscreen" />
94-->[io.ionic.libs:ioncamera-android:1.0.1] AndroidManifest.xml:11:13-83
95        <activity
95-->[io.ionic.libs:ioncamera-android:1.0.1] AndroidManifest.xml:12:9-16:36
96            android:name="io.ionic.libs.ioncameralib.view.IONCAMRImageEditorActivity"
96-->[io.ionic.libs:ioncamera-android:1.0.1] AndroidManifest.xml:13:13-86
97            android:enableOnBackInvokedCallback="true"
97-->[io.ionic.libs:ioncamera-android:1.0.1] AndroidManifest.xml:14:13-55
98            android:theme="@android:style/Theme.Black.NoTitleBar" />
98-->[io.ionic.libs:ioncamera-android:1.0.1] AndroidManifest.xml:15:13-66
99        <activity
99-->[io.ionic.libs:ioncamera-android:1.0.1] AndroidManifest.xml:17:9-20:86
100            android:name="io.ionic.libs.ioncameralib.view.IONCAMROpenPhotoPickerActivity"
100-->[io.ionic.libs:ioncamera-android:1.0.1] AndroidManifest.xml:18:13-90
101            android:exported="false"
101-->[io.ionic.libs:ioncamera-android:1.0.1] AndroidManifest.xml:19:13-37
102            android:theme="@android:style/Theme.Translucent.NoTitleBar.Fullscreen" /> <!-- Trigger Google Play services to install the backported photo picker module. -->
102-->[io.ionic.libs:ioncamera-android:1.0.1] AndroidManifest.xml:20:13-83
103        <service
103-->[io.ionic.libs:ioncamera-android:1.0.1] AndroidManifest.xml:22:9-34:19
104            android:name="com.google.android.gms.metadata.ModuleDependencies"
104-->[io.ionic.libs:ioncamera-android:1.0.1] AndroidManifest.xml:23:13-78
105            android:enabled="false"
105-->[io.ionic.libs:ioncamera-android:1.0.1] AndroidManifest.xml:24:13-36
106            android:exported="false" >
106-->[io.ionic.libs:ioncamera-android:1.0.1] AndroidManifest.xml:25:13-37
107            <intent-filter>
107-->[io.ionic.libs:ioncamera-android:1.0.1] AndroidManifest.xml:27:13-29:29
108                <action android:name="com.google.android.gms.metadata.MODULE_DEPENDENCIES" />
108-->[io.ionic.libs:ioncamera-android:1.0.1] AndroidManifest.xml:28:17-94
108-->[io.ionic.libs:ioncamera-android:1.0.1] AndroidManifest.xml:28:25-91
109            </intent-filter>
110
111            <meta-data
111-->[io.ionic.libs:ioncamera-android:1.0.1] AndroidManifest.xml:31:13-33:36
112                android:name="photopicker_activity:0:required"
112-->[io.ionic.libs:ioncamera-android:1.0.1] AndroidManifest.xml:32:17-63
113                android:value="" />
113-->[io.ionic.libs:ioncamera-android:1.0.1] AndroidManifest.xml:33:17-33
114        </service>
115
116        <provider
116-->[io.ionic.libs:ioncamera-android:1.0.1] AndroidManifest.xml:36:9-44:20
117            android:name="io.ionic.libs.ioncameralib.IONCAMRFileProvider"
117-->[io.ionic.libs:ioncamera-android:1.0.1] AndroidManifest.xml:37:13-74
118            android:authorities="app.stampaway.mobile.camera.provider"
118-->[io.ionic.libs:ioncamera-android:1.0.1] AndroidManifest.xml:38:13-67
119            android:exported="false"
119-->[io.ionic.libs:ioncamera-android:1.0.1] AndroidManifest.xml:39:13-37
120            android:grantUriPermissions="true" >
120-->[io.ionic.libs:ioncamera-android:1.0.1] AndroidManifest.xml:40:13-47
121            <meta-data
121-->src/main/AndroidManifest.xml:32:13-34:64
122                android:name="android.support.FILE_PROVIDER_PATHS"
122-->src/main/AndroidManifest.xml:33:17-67
123                android:resource="@xml/ioncamera_paths" />
123-->src/main/AndroidManifest.xml:34:17-51
124        </provider>
125
126        <receiver
126-->[com.google.firebase:firebase-messaging:25.0.1] AndroidManifest.xml:29:9-40:20
127            android:name="com.google.firebase.iid.FirebaseInstanceIdReceiver"
127-->[com.google.firebase:firebase-messaging:25.0.1] AndroidManifest.xml:30:13-78
128            android:exported="true"
128-->[com.google.firebase:firebase-messaging:25.0.1] AndroidManifest.xml:31:13-36
129            android:permission="com.google.android.c2dm.permission.SEND" >
129-->[com.google.firebase:firebase-messaging:25.0.1] AndroidManifest.xml:32:13-73
130            <intent-filter>
130-->[com.google.firebase:firebase-messaging:25.0.1] AndroidManifest.xml:33:13-35:29
131                <action android:name="com.google.android.c2dm.intent.RECEIVE" />
131-->[com.google.firebase:firebase-messaging:25.0.1] AndroidManifest.xml:34:17-81
131-->[com.google.firebase:firebase-messaging:25.0.1] AndroidManifest.xml:34:25-78
132            </intent-filter>
133
134            <meta-data
134-->[com.google.firebase:firebase-messaging:25.0.1] AndroidManifest.xml:37:13-39:40
135                android:name="com.google.android.gms.cloudmessaging.FINISHED_AFTER_HANDLED"
135-->[com.google.firebase:firebase-messaging:25.0.1] AndroidManifest.xml:38:17-92
136                android:value="true" />
136-->[com.google.firebase:firebase-messaging:25.0.1] AndroidManifest.xml:39:17-37
137        </receiver>
138        <!--
139             FirebaseMessagingService performs security checks at runtime,
140             but set to not exported to explicitly avoid allowing another app to call it.
141        -->
142        <service
142-->[com.google.firebase:firebase-messaging:25.0.1] AndroidManifest.xml:46:9-53:19
143            android:name="com.google.firebase.messaging.FirebaseMessagingService"
143-->[com.google.firebase:firebase-messaging:25.0.1] AndroidManifest.xml:47:13-82
144            android:directBootAware="true"
144-->[com.google.firebase:firebase-messaging:25.0.1] AndroidManifest.xml:48:13-43
145            android:exported="false" >
145-->[com.google.firebase:firebase-messaging:25.0.1] AndroidManifest.xml:49:13-37
146            <intent-filter android:priority="-500" >
146-->[:capacitor-push-notifications] AndroidManifest.xml:11:13-13:29
147                <action android:name="com.google.firebase.MESSAGING_EVENT" />
147-->[:capacitor-push-notifications] AndroidManifest.xml:12:17-78
147-->[:capacitor-push-notifications] AndroidManifest.xml:12:25-75
148            </intent-filter>
149        </service>
150        <service
150-->[com.google.firebase:firebase-messaging:25.0.1] AndroidManifest.xml:54:9-63:19
151            android:name="com.google.firebase.components.ComponentDiscoveryService"
151-->[com.google.firebase:firebase-messaging:25.0.1] AndroidManifest.xml:55:13-84
152            android:directBootAware="true"
152-->[com.google.firebase:firebase-common:22.0.1] AndroidManifest.xml:32:13-43
153            android:exported="false" >
153-->[com.google.firebase:firebase-messaging:25.0.1] AndroidManifest.xml:56:13-37
154            <meta-data
154-->[com.google.firebase:firebase-messaging:25.0.1] AndroidManifest.xml:57:13-59:85
155                android:name="com.google.firebase.components:com.google.firebase.messaging.FirebaseMessagingKtxRegistrar"
155-->[com.google.firebase:firebase-messaging:25.0.1] AndroidManifest.xml:58:17-122
156                android:value="com.google.firebase.components.ComponentRegistrar" />
156-->[com.google.firebase:firebase-messaging:25.0.1] AndroidManifest.xml:59:17-82
157            <meta-data
157-->[com.google.firebase:firebase-messaging:25.0.1] AndroidManifest.xml:60:13-62:85
158                android:name="com.google.firebase.components:com.google.firebase.messaging.FirebaseMessagingRegistrar"
158-->[com.google.firebase:firebase-messaging:25.0.1] AndroidManifest.xml:61:17-119
159                android:value="com.google.firebase.components.ComponentRegistrar" />
159-->[com.google.firebase:firebase-messaging:25.0.1] AndroidManifest.xml:62:17-82
160            <meta-data
160-->[com.google.firebase:firebase-installations:18.0.0] AndroidManifest.xml:15:13-17:85
161                android:name="com.google.firebase.components:com.google.firebase.installations.FirebaseInstallationsKtxRegistrar"
161-->[com.google.firebase:firebase-installations:18.0.0] AndroidManifest.xml:16:17-130
162                android:value="com.google.firebase.components.ComponentRegistrar" />
162-->[com.google.firebase:firebase-installations:18.0.0] AndroidManifest.xml:17:17-82
163            <meta-data
163-->[com.google.firebase:firebase-installations:18.0.0] AndroidManifest.xml:18:13-20:85
164                android:name="com.google.firebase.components:com.google.firebase.installations.FirebaseInstallationsRegistrar"
164-->[com.google.firebase:firebase-installations:18.0.0] AndroidManifest.xml:19:17-127
165                android:value="com.google.firebase.components.ComponentRegistrar" />
165-->[com.google.firebase:firebase-installations:18.0.0] AndroidManifest.xml:20:17-82
166            <meta-data
166-->[com.google.firebase:firebase-common:22.0.1] AndroidManifest.xml:35:13-37:85
167                android:name="com.google.firebase.components:com.google.firebase.FirebaseCommonKtxRegistrar"
167-->[com.google.firebase:firebase-common:22.0.1] AndroidManifest.xml:36:17-109
168                android:value="com.google.firebase.components.ComponentRegistrar" />
168-->[com.google.firebase:firebase-common:22.0.1] AndroidManifest.xml:37:17-82
169            <meta-data
169-->[com.google.firebase:firebase-datatransport:18.2.0] AndroidManifest.xml:25:13-27:85
170                android:name="com.google.firebase.components:com.google.firebase.datatransport.TransportRegistrar"
170-->[com.google.firebase:firebase-datatransport:18.2.0] AndroidManifest.xml:26:17-115
171                android:value="com.google.firebase.components.ComponentRegistrar" />
171-->[com.google.firebase:firebase-datatransport:18.2.0] AndroidManifest.xml:27:17-82
172        </service>
173
174        <activity
174-->[com.google.android.gms:play-services-base:18.5.0] AndroidManifest.xml:5:9-173
175            android:name="com.google.android.gms.common.api.GoogleApiActivity"
175-->[com.google.android.gms:play-services-base:18.5.0] AndroidManifest.xml:5:19-85
176            android:exported="false"
176-->[com.google.android.gms:play-services-base:18.5.0] AndroidManifest.xml:5:146-170
177            android:theme="@android:style/Theme.Translucent.NoTitleBar" />
177-->[com.google.android.gms:play-services-base:18.5.0] AndroidManifest.xml:5:86-145
178
179        <provider
179-->[androidx.emoji2:emoji2:1.3.0] AndroidManifest.xml:24:9-32:20
180            android:name="androidx.startup.InitializationProvider"
180-->[androidx.emoji2:emoji2:1.3.0] AndroidManifest.xml:25:13-67
181            android:authorities="app.stampaway.mobile.androidx-startup"
181-->[androidx.emoji2:emoji2:1.3.0] AndroidManifest.xml:26:13-68
182            android:exported="false" >
182-->[androidx.emoji2:emoji2:1.3.0] AndroidManifest.xml:27:13-37
183            <meta-data
183-->[androidx.emoji2:emoji2:1.3.0] AndroidManifest.xml:29:13-31:52
184                android:name="androidx.emoji2.text.EmojiCompatInitializer"
184-->[androidx.emoji2:emoji2:1.3.0] AndroidManifest.xml:30:17-75
185                android:value="androidx.startup" />
185-->[androidx.emoji2:emoji2:1.3.0] AndroidManifest.xml:31:17-49
186            <meta-data
186-->[androidx.work:work-runtime:2.10.5] AndroidManifest.xml:34:13-36:52
187                android:name="androidx.work.WorkManagerInitializer"
187-->[androidx.work:work-runtime:2.10.5] AndroidManifest.xml:35:17-68
188                android:value="androidx.startup" />
188-->[androidx.work:work-runtime:2.10.5] AndroidManifest.xml:36:17-49
189            <meta-data
189-->[androidx.lifecycle:lifecycle-process:2.10.0] AndroidManifest.xml:29:13-31:52
190                android:name="androidx.lifecycle.ProcessLifecycleInitializer"
190-->[androidx.lifecycle:lifecycle-process:2.10.0] AndroidManifest.xml:30:17-78
191                android:value="androidx.startup" />
191-->[androidx.lifecycle:lifecycle-process:2.10.0] AndroidManifest.xml:31:17-49
192            <meta-data
192-->[androidx.profileinstaller:profileinstaller:1.4.0] AndroidManifest.xml:29:13-31:52
193                android:name="androidx.profileinstaller.ProfileInstallerInitializer"
193-->[androidx.profileinstaller:profileinstaller:1.4.0] AndroidManifest.xml:30:17-85
194                android:value="androidx.startup" />
194-->[androidx.profileinstaller:profileinstaller:1.4.0] AndroidManifest.xml:31:17-49
195        </provider>
196
197        <service
197-->[androidx.work:work-runtime:2.10.5] AndroidManifest.xml:39:9-45:35
198            android:name="androidx.work.impl.background.systemalarm.SystemAlarmService"
198-->[androidx.work:work-runtime:2.10.5] AndroidManifest.xml:40:13-88
199            android:directBootAware="false"
199-->[androidx.work:work-runtime:2.10.5] AndroidManifest.xml:41:13-44
200            android:enabled="@bool/enable_system_alarm_service_default"
200-->[androidx.work:work-runtime:2.10.5] AndroidManifest.xml:42:13-72
201            android:exported="false" />
201-->[androidx.work:work-runtime:2.10.5] AndroidManifest.xml:43:13-37
202        <service
202-->[androidx.work:work-runtime:2.10.5] AndroidManifest.xml:46:9-52:35
203            android:name="androidx.work.impl.background.systemjob.SystemJobService"
203-->[androidx.work:work-runtime:2.10.5] AndroidManifest.xml:47:13-84
204            android:directBootAware="false"
204-->[androidx.work:work-runtime:2.10.5] AndroidManifest.xml:48:13-44
205            android:enabled="@bool/enable_system_job_service_default"
205-->[androidx.work:work-runtime:2.10.5] AndroidManifest.xml:49:13-70
206            android:exported="true"
206-->[androidx.work:work-runtime:2.10.5] AndroidManifest.xml:50:13-36
207            android:permission="android.permission.BIND_JOB_SERVICE" />
207-->[androidx.work:work-runtime:2.10.5] AndroidManifest.xml:51:13-69
208        <service
208-->[androidx.work:work-runtime:2.10.5] AndroidManifest.xml:53:9-59:35
209            android:name="androidx.work.impl.foreground.SystemForegroundService"
209-->[androidx.work:work-runtime:2.10.5] AndroidManifest.xml:54:13-81
210            android:directBootAware="false"
210-->[androidx.work:work-runtime:2.10.5] AndroidManifest.xml:55:13-44
211            android:enabled="@bool/enable_system_foreground_service_default"
211-->[androidx.work:work-runtime:2.10.5] AndroidManifest.xml:56:13-77
212            android:exported="false" />
212-->[androidx.work:work-runtime:2.10.5] AndroidManifest.xml:57:13-37
213
214        <receiver
214-->[androidx.work:work-runtime:2.10.5] AndroidManifest.xml:61:9-66:35
215            android:name="androidx.work.impl.utils.ForceStopRunnable$BroadcastReceiver"
215-->[androidx.work:work-runtime:2.10.5] AndroidManifest.xml:62:13-88
216            android:directBootAware="false"
216-->[androidx.work:work-runtime:2.10.5] AndroidManifest.xml:63:13-44
217            android:enabled="true"
217-->[androidx.work:work-runtime:2.10.5] AndroidManifest.xml:64:13-35
218            android:exported="false" />
218-->[androidx.work:work-runtime:2.10.5] AndroidManifest.xml:65:13-37
219        <receiver
219-->[androidx.work:work-runtime:2.10.5] AndroidManifest.xml:67:9-77:20
220            android:name="androidx.work.impl.background.systemalarm.ConstraintProxy$BatteryChargingProxy"
220-->[androidx.work:work-runtime:2.10.5] AndroidManifest.xml:68:13-106
221            android:directBootAware="false"
221-->[androidx.work:work-runtime:2.10.5] AndroidManifest.xml:69:13-44
222            android:enabled="false"
222-->[androidx.work:work-runtime:2.10.5] AndroidManifest.xml:70:13-36
223            android:exported="false" >
223-->[androidx.work:work-runtime:2.10.5] AndroidManifest.xml:71:13-37
224            <intent-filter>
224-->[androidx.work:work-runtime:2.10.5] AndroidManifest.xml:73:13-76:29
225                <action android:name="android.intent.action.ACTION_POWER_CONNECTED" />
225-->[androidx.work:work-runtime:2.10.5] AndroidManifest.xml:74:17-87
225-->[androidx.work:work-runtime:2.10.5] AndroidManifest.xml:74:25-84
226                <action android:name="android.intent.action.ACTION_POWER_DISCONNECTED" />
226-->[androidx.work:work-runtime:2.10.5] AndroidManifest.xml:75:17-90
226-->[androidx.work:work-runtime:2.10.5] AndroidManifest.xml:75:25-87
227            </intent-filter>
228        </receiver>
229        <receiver
229-->[androidx.work:work-runtime:2.10.5] AndroidManifest.xml:78:9-88:20
230            android:name="androidx.work.impl.background.systemalarm.ConstraintProxy$BatteryNotLowProxy"
230-->[androidx.work:work-runtime:2.10.5] AndroidManifest.xml:79:13-104
231            android:directBootAware="false"
231-->[androidx.work:work-runtime:2.10.5] AndroidManifest.xml:80:13-44
232            android:enabled="false"
232-->[androidx.work:work-runtime:2.10.5] AndroidManifest.xml:81:13-36
233            android:exported="false" >
233-->[androidx.work:work-runtime:2.10.5] AndroidManifest.xml:82:13-37
234            <intent-filter>
234-->[androidx.work:work-runtime:2.10.5] AndroidManifest.xml:84:13-87:29
235                <action android:name="android.intent.action.BATTERY_OKAY" />
235-->[androidx.work:work-runtime:2.10.5] AndroidManifest.xml:85:17-77
235-->[androidx.work:work-runtime:2.10.5] AndroidManifest.xml:85:25-74
236                <action android:name="android.intent.action.BATTERY_LOW" />
236-->[androidx.work:work-runtime:2.10.5] AndroidManifest.xml:86:17-76
236-->[androidx.work:work-runtime:2.10.5] AndroidManifest.xml:86:25-73
237            </intent-filter>
238        </receiver>
239        <receiver
239-->[androidx.work:work-runtime:2.10.5] AndroidManifest.xml:89:9-99:20
240            android:name="androidx.work.impl.background.systemalarm.ConstraintProxy$StorageNotLowProxy"
240-->[androidx.work:work-runtime:2.10.5] AndroidManifest.xml:90:13-104
241            android:directBootAware="false"
241-->[androidx.work:work-runtime:2.10.5] AndroidManifest.xml:91:13-44
242            android:enabled="false"
242-->[androidx.work:work-runtime:2.10.5] AndroidManifest.xml:92:13-36
243            android:exported="false" >
243-->[androidx.work:work-runtime:2.10.5] AndroidManifest.xml:93:13-37
244            <intent-filter>
244-->[androidx.work:work-runtime:2.10.5] AndroidManifest.xml:95:13-98:29
245                <action android:name="android.intent.action.DEVICE_STORAGE_LOW" />
245-->[androidx.work:work-runtime:2.10.5] AndroidManifest.xml:96:17-83
245-->[androidx.work:work-runtime:2.10.5] AndroidManifest.xml:96:25-80
246                <action android:name="android.intent.action.DEVICE_STORAGE_OK" />
246-->[androidx.work:work-runtime:2.10.5] AndroidManifest.xml:97:17-82
246-->[androidx.work:work-runtime:2.10.5] AndroidManifest.xml:97:25-79
247            </intent-filter>
248        </receiver>
249        <receiver
249-->[androidx.work:work-runtime:2.10.5] AndroidManifest.xml:100:9-109:20
250            android:name="androidx.work.impl.background.systemalarm.ConstraintProxy$NetworkStateProxy"
250-->[androidx.work:work-runtime:2.10.5] AndroidManifest.xml:101:13-103
251            android:directBootAware="false"
251-->[androidx.work:work-runtime:2.10.5] AndroidManifest.xml:102:13-44
252            android:enabled="false"
252-->[androidx.work:work-runtime:2.10.5] AndroidManifest.xml:103:13-36
253            android:exported="false" >
253-->[androidx.work:work-runtime:2.10.5] AndroidManifest.xml:104:13-37
254            <intent-filter>
254-->[androidx.work:work-runtime:2.10.5] AndroidManifest.xml:106:13-108:29
255                <action android:name="android.net.conn.CONNECTIVITY_CHANGE" />
255-->[androidx.work:work-runtime:2.10.5] AndroidManifest.xml:107:17-79
255-->[androidx.work:work-runtime:2.10.5] AndroidManifest.xml:107:25-76
256            </intent-filter>
257        </receiver>
258        <receiver
258-->[androidx.work:work-runtime:2.10.5] AndroidManifest.xml:110:9-121:20
259            android:name="androidx.work.impl.background.systemalarm.RescheduleReceiver"
259-->[androidx.work:work-runtime:2.10.5] AndroidManifest.xml:111:13-88
260            android:directBootAware="false"
260-->[androidx.work:work-runtime:2.10.5] AndroidManifest.xml:112:13-44
261            android:enabled="false"
261-->[androidx.work:work-runtime:2.10.5] AndroidManifest.xml:113:13-36
262            android:exported="false" >
262-->[androidx.work:work-runtime:2.10.5] AndroidManifest.xml:114:13-37
263            <intent-filter>
263-->[androidx.work:work-runtime:2.10.5] AndroidManifest.xml:116:13-120:29
264                <action android:name="android.intent.action.BOOT_COMPLETED" />
264-->[androidx.work:work-runtime:2.10.5] AndroidManifest.xml:117:17-79
264-->[androidx.work:work-runtime:2.10.5] AndroidManifest.xml:117:25-76
265                <action android:name="android.intent.action.TIME_SET" />
265-->[androidx.work:work-runtime:2.10.5] AndroidManifest.xml:118:17-73
265-->[androidx.work:work-runtime:2.10.5] AndroidManifest.xml:118:25-70
266                <action android:name="android.intent.action.TIMEZONE_CHANGED" />
266-->[androidx.work:work-runtime:2.10.5] AndroidManifest.xml:119:17-81
266-->[androidx.work:work-runtime:2.10.5] AndroidManifest.xml:119:25-78
267            </intent-filter>
268        </receiver>
269        <receiver
269-->[androidx.work:work-runtime:2.10.5] AndroidManifest.xml:122:9-131:20
270            android:name="androidx.work.impl.background.systemalarm.ConstraintProxyUpdateReceiver"
270-->[androidx.work:work-runtime:2.10.5] AndroidManifest.xml:123:13-99
271            android:directBootAware="false"
271-->[androidx.work:work-runtime:2.10.5] AndroidManifest.xml:124:13-44
272            android:enabled="@bool/enable_system_alarm_service_default"
272-->[androidx.work:work-runtime:2.10.5] AndroidManifest.xml:125:13-72
273            android:exported="false" >
273-->[androidx.work:work-runtime:2.10.5] AndroidManifest.xml:126:13-37
274            <intent-filter>
274-->[androidx.work:work-runtime:2.10.5] AndroidManifest.xml:128:13-130:29